########################[05:01:25]##########################------------------------------------------------------------Error Msgs : Uncaught Error: Call to undefined function word_limit() in E:\data\data_webserver\public_html\iamroot\application\views\T_themes\default\T_content\modal-buy-ticket.php:41
Stack trace:
#0 E:\data\data_webserver\public_html\iamroot\application\views\handler.php(65): require_once()
#1 E:\data\data_webserver\public_html\iamroot\system\core\core_controller.php(210): require_once('E:\\data\\data_we...')
#2 E:\data\data_webserver\public_html\iamroot\application\controller\config.php(21): system\core\controller->declarate_space(Array)
#3 E:\data\data_webserver\public_html\iamroot\application\config\autoload.php(212): require_once('E:\\data\\data_we...')
#4 E:\data\data_webserver\public_html\iamroot\index.php(70): require_once('E:\\data\\data_we...')
#5 {main}
  thrown------------------------------------------------------------Error Type : 1------------------------------------------------------------Error File : E:\data\data_webserver\public_html\iamroot\application\views\T_themes\default\T_content\modal-buy-ticket.php------------------------------------------------------------Error Line : 41------------------------------------------------------------Error Date : 22-May-2019------------------------------------------------------------Error Time : 05:01:25------------------------------------------------------------########################[05:01:38]##########################------------------------------------------------------------Error Msgs : Uncaught Error: Call to undefined function word_limit() in E:\data\data_webserver\public_html\iamroot\application\views\T_themes\default\T_content\modal-buy-ticket.php:41
Stack trace:
#0 E:\data\data_webserver\public_html\iamroot\application\views\handler.php(65): require_once()
#1 E:\data\data_webserver\public_html\iamroot\system\core\core_controller.php(210): require_once('E:\\data\\data_we...')
#2 E:\data\data_webserver\public_html\iamroot\application\controller\config.php(21): system\core\controller->declarate_space(Array)
#3 E:\data\data_webserver\public_html\iamroot\application\config\autoload.php(212): require_once('E:\\data\\data_we...')
#4 E:\data\data_webserver\public_html\iamroot\index.php(70): require_once('E:\\data\\data_we...')
#5 {main}
  thrown------------------------------------------------------------Error Type : 1------------------------------------------------------------Error File : E:\data\data_webserver\public_html\iamroot\application\views\T_themes\default\T_content\modal-buy-ticket.php------------------------------------------------------------Error Line : 41------------------------------------------------------------Error Date : 22-May-2019------------------------------------------------------------Error Time : 05:01:38------------------------------------------------------------########################[05:01:59]##########################------------------------------------------------------------Error Msgs : Uncaught Error: Call to undefined function word_limit() in E:\data\data_webserver\public_html\iamroot\application\views\T_themes\default\T_content\modal-buy-ticket.php:41
Stack trace:
#0 E:\data\data_webserver\public_html\iamroot\application\views\handler.php(65): require_once()
#1 E:\data\data_webserver\public_html\iamroot\system\core\core_controller.php(210): require_once('E:\\data\\data_we...')
#2 E:\data\data_webserver\public_html\iamroot\application\controller\config.php(21): system\core\controller->declarate_space(Array)
#3 E:\data\data_webserver\public_html\iamroot\application\config\autoload.php(212): require_once('E:\\data\\data_we...')
#4 E:\data\data_webserver\public_html\iamroot\index.php(70): require_once('E:\\data\\data_we...')
#5 {main}
  thrown------------------------------------------------------------Error Type : 1------------------------------------------------------------Error File : E:\data\data_webserver\public_html\iamroot\application\views\T_themes\default\T_content\modal-buy-ticket.php------------------------------------------------------------Error Line : 41------------------------------------------------------------Error Date : 22-May-2019------------------------------------------------------------Error Time : 05:01:59------------------------------------------------------------########################[05:02:22]##########################------------------------------------------------------------Error Msgs : Uncaught Error: Call to undefined function word_limit() in E:\data\data_webserver\public_html\iamroot\application\views\T_themes\default\T_content\modal-buy-ticket.php:43
Stack trace:
#0 E:\data\data_webserver\public_html\iamroot\application\views\handler.php(65): require_once()
#1 E:\data\data_webserver\public_html\iamroot\system\core\core_controller.php(210): require_once('E:\\data\\data_we...')
#2 E:\data\data_webserver\public_html\iamroot\application\controller\config.php(21): system\core\controller->declarate_space(Array)
#3 E:\data\data_webserver\public_html\iamroot\application\config\autoload.php(212): require_once('E:\\data\\data_we...')
#4 E:\data\data_webserver\public_html\iamroot\index.php(70): require_once('E:\\data\\data_we...')
#5 {main}
  thrown------------------------------------------------------------Error Type : 1------------------------------------------------------------Error File : E:\data\data_webserver\public_html\iamroot\application\views\T_themes\default\T_content\modal-buy-ticket.php------------------------------------------------------------Error Line : 43------------------------------------------------------------Error Date : 22-May-2019------------------------------------------------------------Error Time : 05:02:22------------------------------------------------------------########################[05:02:27]##########################------------------------------------------------------------Error Msgs : Uncaught Error: Call to undefined function word_limit() in E:\data\data_webserver\public_html\iamroot\application\views\T_themes\default\T_content\modal-buy-ticket.php:43
Stack trace:
#0 E:\data\data_webserver\public_html\iamroot\application\views\handler.php(65): require_once()
#1 E:\data\data_webserver\public_html\iamroot\system\core\core_controller.php(210): require_once('E:\\data\\data_we...')
#2 E:\data\data_webserver\public_html\iamroot\application\controller\config.php(21): system\core\controller->declarate_space(Array)
#3 E:\data\data_webserver\public_html\iamroot\application\config\autoload.php(212): require_once('E:\\data\\data_we...')
#4 E:\data\data_webserver\public_html\iamroot\index.php(70): require_once('E:\\data\\data_we...')
#5 {main}
  thrown------------------------------------------------------------Error Type : 1------------------------------------------------------------Error File : E:\data\data_webserver\public_html\iamroot\application\views\T_themes\default\T_content\modal-buy-ticket.php------------------------------------------------------------Error Line : 43------------------------------------------------------------Error Date : 22-May-2019------------------------------------------------------------Error Time : 05:02:27------------------------------------------------------------########################[07:08:07]##########################------------------------------------------------------------Error Msgs : syntax error, unexpected '">' (T_CONSTANT_ENCAPSED_STRING), expecting ',' or ';'------------------------------------------------------------Error Type : 4------------------------------------------------------------Error File : E:\data\data_webserver\public_html\iamroot\application\views\payment-proof.php------------------------------------------------------------Error Line : 6------------------------------------------------------------Error Date : 22-May-2019------------------------------------------------------------Error Time : 07:08:07------------------------------------------------------------########################[07:31:01]##########################------------------------------------------------------------Error Msgs : Undefined index: action------------------------------------------------------------Error Type : 8------------------------------------------------------------Error File : E:\data\data_webserver\public_html\iamroot\application\views\handler.php------------------------------------------------------------Error Line : 3------------------------------------------------------------Error Date : 22-May-2019------------------------------------------------------------Error Time : 07:31:01------------------------------------------------------------########################[07:35:17]##########################------------------------------------------------------------Error Msgs : Uncaught PDOException: SQLSTATE[42000]: Syntax error or access violation: 1064 You have an error in your SQL syntax; check the manual that corresponds to your MariaDB server version for the right syntax to use near 'http://localhost/iamroot/T_assets/img/other/a7026fc1e371e18f45f43a1815b9e7a5.jpg' at line 1 in E:\data\data_webserver\public_html\iamroot\system\core\core_database.php:109
Stack trace:
#0 E:\data\data_webserver\public_html\iamroot\system\core\core_database.php(109): PDO->query('INSERT INTO t_m...')
#1 E:\data\data_webserver\public_html\iamroot\application\views\handler.php(51): system\core\database->Query('INSERT INTO t_m...')
#2 E:\data\data_webserver\public_html\iamroot\system\core\core_controller.php(210): require_once('E:\\data\\data_we...')
#3 E:\data\data_webserver\public_html\iamroot\application\controller\config.php(21): system\core\controller->declarate_space(Array)
#4 E:\data\data_webserver\public_html\iamroot\application\config\autoload.php(212): require_once('E:\\data\\data_we...')
#5 ------------------------------------------------------------Error Type : 1------------------------------------------------------------Error File : E:\data\data_webserver\public_html\iamroot\system\core\core_database.php------------------------------------------------------------Error Line : 109------------------------------------------------------------Error Date : 22-May-2019------------------------------------------------------------Error Time : 07:35:17------------------------------------------------------------########################[07:35:59]##########################------------------------------------------------------------Error Msgs : Uncaught PDOException: SQLSTATE[42000]: Syntax error or access violation: 1064 You have an error in your SQL syntax; check the manual that corresponds to your MariaDB server version for the right syntax to use near 'http://localhost/iamroot/T_assets/img/other/8605e85ae0457ecdf2628e4de816ccce.jpg' at line 1 in E:\data\data_webserver\public_html\iamroot\system\core\core_database.php:109
Stack trace:
#0 E:\data\data_webserver\public_html\iamroot\system\core\core_database.php(109): PDO->query('INSERT INTO t_m...')
#1 E:\data\data_webserver\public_html\iamroot\application\views\handler.php(51): system\core\database->Query('INSERT INTO t_m...')
#2 E:\data\data_webserver\public_html\iamroot\system\core\core_controller.php(210): require_once('E:\\data\\data_we...')
#3 E:\data\data_webserver\public_html\iamroot\application\controller\config.php(21): system\core\controller->declarate_space(Array)
#4 E:\data\data_webserver\public_html\iamroot\application\config\autoload.php(212): require_once('E:\\data\\data_we...')
#5 ------------------------------------------------------------Error Type : 1------------------------------------------------------------Error File : E:\data\data_webserver\public_html\iamroot\system\core\core_database.php------------------------------------------------------------Error Line : 109------------------------------------------------------------Error Date : 22-May-2019------------------------------------------------------------Error Time : 07:35:59------------------------------------------------------------